2025-01-16 21:49:46,567 - INFO - Current working directory: /Users/islam/dev/mlb-demo/backend
2025-01-16 21:49:46,567 - INFO - Script location: /Users/islam/dev/mlb-demo/backend/src/scripts/index_mlb_homeruns_with_player_id.py
2025-01-16 21:49:46,567 - INFO - CSV path: /Users/islam/dev/mlb-demo/backend/src/core/constants/homeruns.csv
2025-01-16 21:49:46,567 - INFO - CSV path exists: False
2025-01-16 21:49:49,518 - ERROR - Error processing homeruns: [Errno 2] No such file or directory: '/Users/islam/dev/mlb-demo/backend/src/core/constants/homeruns.csv'
2025-01-16 21:52:11,540 - INFO - Current working directory: /Users/islam/dev/mlb-demo/backend
2025-01-16 21:52:11,541 - INFO - Script location: /Users/islam/dev/mlb-demo/backend/src/scripts/index_mlb_homeruns_with_player_id.py
2025-01-16 21:52:11,541 - INFO - CSV path: /Users/islam/dev/mlb-demo/backend/src/core/constants/mlb_homeruns.csv
2025-01-16 21:52:11,541 - INFO - CSV path exists: True
2025-01-16 21:52:14,295 - INFO - Loaded 16539 rows from CSV
2025-01-16 21:52:14,296 - ERROR - Error extracting player name for title 'John Jaso homers (6) on a fly ball to center field.': 'GenerativeModel' object has no attribute 'generate_text_async'
2025-01-16 21:52:15,108 - ERROR - Error extracting player name for title 'Evan Longoria homers (34) on a fly ball to left center field.   Kevin Kiermaier scores.': 'GenerativeModel' object has no attribute 'generate_text_async'
2025-01-16 21:52:15,483 - ERROR - Error extracting player name for title 'Marwin Gonzalez homers (13) on a line drive to right field.': 'GenerativeModel' object has no attribute 'generate_text_async'
2025-01-16 21:52:15,854 - ERROR - Error extracting player name for title 'Eddie Rosario homers (10) on a fly ball to right field.': 'GenerativeModel' object has no attribute 'generate_text_async'
2025-01-16 21:52:16,358 - ERROR - Error extracting player name for title 'Marcus Semien homers (26) on a fly ball to left field.   Ryon Healy scores.    Yonder Alonso scores.': 'GenerativeModel' object has no attribute 'generate_text_async'
2025-01-16 21:52:16,845 - ERROR - Error extracting player name for title 'Ryan Zimmerman homers (15) on a line drive to left center field.   Anthony Rendon scores.    Stephen Drew scores.': 'GenerativeModel' object has no attribute 'generate_text_async'
2025-01-16 21:52:17,233 - ERROR - Error extracting player name for title 'Ehire Adrianza homers (2) on a fly ball to right field.': 'GenerativeModel' object has no attribute 'generate_text_async'
2025-01-16 21:52:17,611 - ERROR - Error extracting player name for title 'Jose Reyes homers (8) on a line drive to right center field.    Brandon Nimmo scores.': 'GenerativeModel' object has no attribute 'generate_text_async'
2025-01-16 21:52:18,012 - ERROR - Error extracting player name for title 'Nomar Mazara homers (18) on a fly ball to right center field.    Jurickson Profar scores.': 'GenerativeModel' object has no attribute 'generate_text_async'
2025-01-16 21:52:18,385 - ERROR - Error extracting player name for title 'Evan Longoria homers (33) on a fly ball to center field.   Logan Forsythe scores.    Kevin Kiermaier scores.': 'GenerativeModel' object has no attribute 'generate_text_async'
2025-01-16 21:52:18,765 - ERROR - Error extracting player name for title 'Miguel Montero homers (7) on a fly ball to left field.': 'GenerativeModel' object has no attribute 'generate_text_async'
2025-01-16 21:52:19,149 - ERROR - Error extracting player name for title 'Trea Turner homers (9) on a fly ball to center field.   Stephen Drew scores.': 'GenerativeModel' object has no attribute 'generate_text_async'
2025-01-16 21:52:19,638 - ERROR - Error extracting player name for title 'Carlos Santana homers (32) on a fly ball to right center field.': 'GenerativeModel' object has no attribute 'generate_text_async'
2025-01-16 21:52:20,024 - ERROR - Error extracting player name for title 'Giancarlo Stanton homers (27) on a fly ball to right field.': 'GenerativeModel' object has no attribute 'generate_text_async'
2025-01-16 21:52:20,415 - ERROR - Error extracting player name for title 'Byron Buxton homers (8) on a fly ball to right center field.': 'GenerativeModel' object has no attribute 'generate_text_async'
2025-01-16 21:52:20,796 - ERROR - Error extracting player name for title 'Melky Cabrera homers (11) on a fly ball to right center field.': 'GenerativeModel' object has no attribute 'generate_text_async'
2025-01-16 21:52:21,172 - ERROR - Error extracting player name for title 'Scott Schebler homers (8) on a fly ball to right field.': 'GenerativeModel' object has no attribute 'generate_text_async'
2025-01-16 21:52:21,544 - ERROR - Error extracting player name for title 'Curtis Granderson homers (27) on a line drive to left center field.': 'GenerativeModel' object has no attribute 'generate_text_async'
2025-01-16 21:52:21,923 - ERROR - Error extracting player name for title 'Nomar Mazara homers (19) on a fly ball to left center field.': 'GenerativeModel' object has no attribute 'generate_text_async'
2025-01-16 21:52:22,296 - ERROR - Error extracting player name for title 'Jean Segura homers (15) on a fly ball to left center field.': 'GenerativeModel' object has no attribute 'generate_text_async'
2025-01-16 21:52:22,667 - ERROR - Error extracting player name for title 'Charlie Blackmon homers (27) on a line drive to right field.': 'GenerativeModel' object has no attribute 'generate_text_async'
2025-01-16 21:52:23,035 - ERROR - Error extracting player name for title 'Marcus Semien homers (25) on a fly ball to left field.   Max Muncy scores.    Yonder Alonso scores.': 'GenerativeModel' object has no attribute 'generate_text_async'
2025-01-16 21:52:23,550 - ERROR - Error extracting player name for title 'Kyle Jensen homers (2) on a fly ball to center field.': 'GenerativeModel' object has no attribute 'generate_text_async'
2025-01-16 21:52:23,929 - ERROR - Error extracting player name for title 'Sean Rodriguez homers (15) on a line drive to right center field.    Francisco Cervelli scores.': 'GenerativeModel' object has no attribute 'generate_text_async'
2025-01-16 21:54:27,968 - INFO - Current working directory: /Users/islam/dev/mlb-demo/backend
2025-01-16 21:54:27,968 - INFO - Script location: /Users/islam/dev/mlb-demo/backend/src/scripts/index_mlb_homeruns_with_player_id.py
2025-01-16 21:54:27,968 - INFO - CSV path: /Users/islam/dev/mlb-demo/backend/src/core/constants/mlb_homeruns.csv
2025-01-16 21:54:27,968 - INFO - CSV path exists: True
2025-01-16 21:54:31,878 - INFO - Loaded 16539 rows from CSV
2025-01-16 21:54:41,632 - ERROR - Error extracting player name for title 'Ryan Zimmerman homers (15) on a line drive to left center field.   Anthony Rendon scores.    Stephen Drew scores.': 429 Resource has been exhausted (e.g. check quota).
2025-01-16 21:54:43,217 - ERROR - Error extracting player name for title 'Jose Reyes homers (8) on a line drive to right center field.    Brandon Nimmo scores.': 429 Resource has been exhausted (e.g. check quota).
2025-01-16 21:54:43,720 - ERROR - Error extracting player name for title 'Nomar Mazara homers (18) on a fly ball to right center field.    Jurickson Profar scores.': 429 Resource has been exhausted (e.g. check quota).
2025-01-16 21:54:44,235 - ERROR - Error extracting player name for title 'Evan Longoria homers (33) on a fly ball to center field.   Logan Forsythe scores.    Kevin Kiermaier scores.': 429 Resource has been exhausted (e.g. check quota).
2025-01-16 21:54:45,643 - ERROR - Error extracting player name for title 'Trea Turner homers (9) on a fly ball to center field.   Stephen Drew scores.': 429 Resource has been exhausted (e.g. check quota).
2025-01-16 21:54:48,002 - ERROR - Error extracting player name for title 'Byron Buxton homers (8) on a fly ball to right center field.': 429 Resource has been exhausted (e.g. check quota).
2025-01-16 21:54:48,601 - ERROR - Error extracting player name for title 'Melky Cabrera homers (11) on a fly ball to right center field.': 429 Resource has been exhausted (e.g. check quota).
2025-01-16 21:54:50,105 - ERROR - Error extracting player name for title 'Curtis Granderson homers (27) on a line drive to left center field.': 429 Resource has been exhausted (e.g. check quota).
2025-01-16 21:54:50,607 - ERROR - Error extracting player name for title 'Nomar Mazara homers (19) on a fly ball to left center field.': 429 Resource has been exhausted (e.g. check quota).
2025-01-16 21:54:51,359 - ERROR - Error extracting player name for title 'Jean Segura homers (15) on a fly ball to left center field.': 429 Resource has been exhausted (e.g. check quota).
2025-01-16 21:54:51,865 - ERROR - Error extracting player name for title 'Charlie Blackmon homers (27) on a line drive to right field.': 429 Resource has been exhausted (e.g. check quota).
2025-01-16 21:54:52,353 - ERROR - Error extracting player name for title 'Marcus Semien homers (25) on a fly ball to left field.   Max Muncy scores.    Yonder Alonso scores.': 429 Resource has been exhausted (e.g. check quota).
2025-01-16 21:54:52,864 - ERROR - Error extracting player name for title 'Kyle Jensen homers (2) on a fly ball to center field.': 429 Resource has been exhausted (e.g. check quota).
2025-01-16 21:54:53,483 - ERROR - Error extracting player name for title 'Sean Rodriguez homers (15) on a line drive to right center field.    Francisco Cervelli scores.': 429 Resource has been exhausted (e.g. check quota).
2025-01-16 21:54:53,978 - ERROR - Error extracting player name for title 'Matt Adams homers (15) on a line drive to right field.': 429 Resource has been exhausted (e.g. check quota).
2025-01-16 21:54:54,495 - ERROR - Error extracting player name for title 'Evan Gattis homers (30) on a fly ball to center field.': 429 Resource has been exhausted (e.g. check quota).
2025-01-16 21:54:55,015 - ERROR - Error extracting player name for title 'Chris Carter homers (37) on a fly ball to right center field.': 429 Resource has been exhausted (e.g. check quota).
2025-01-16 21:54:55,494 - ERROR - Error extracting player name for title 'Andrelton Simmons homers (4) on a fly ball to left field.   Jefry Marte scores.': 429 Resource has been exhausted (e.g. check quota).
2025-01-16 21:54:55,979 - ERROR - Error extracting player name for title 'Joey Wendle homers (1) on a line drive to right field.': 429 Resource has been exhausted (e.g. check quota).
2025-01-16 21:54:56,465 - ERROR - Error extracting player name for title 'Kendrys Morales homers (28) on a fly ball to right center field.    Paulo Orlando scores.': 429 Resource has been exhausted (e.g. check quota).
2025-01-16 21:54:57,060 - ERROR - Error extracting player name for title 'Todd Frazier homers (38) on a line drive to left center field.': 429 Resource has been exhausted (e.g. check quota).
2025-01-16 21:54:57,678 - ERROR - Error extracting player name for title 'Trea Turner homers (12) on a fly ball to left field.': 429 Resource has been exhausted (e.g. check quota).
2025-01-16 21:54:58,496 - ERROR - Error extracting player name for title 'Nomar Mazara homers (20) on a fly ball to center field.   Jonathan Lucroy scores.': 429 Resource has been exhausted (e.g. check quota).
2025-01-16 21:54:59,077 - ERROR - Error extracting player name for title 'Rene Rivera homers (6) on a fly ball to left center field.': 429 Resource has been exhausted (e.g. check quota).
2025-01-16 21:54:59,638 - ERROR - Error extracting player name for title 'Paul Goldschmidt homers (23) on a fly ball to center field.   Chris Owings scores.': 429 Resource has been exhausted (e.g. check quota).
2025-01-16 21:55:00,154 - ERROR - Error extracting player name for title 'Kurt Suzuki homers (8) on a fly ball to left field.   Max Kepler scores.    Kennys Vargas scores.': 429 Resource has been exhausted (e.g. check quota).
2025-01-16 21:55:00,858 - ERROR - Error extracting player name for title 'Jean Segura homers (16) on a line drive to left field.   Braden Shipley scores.': 429 Resource has been exhausted (e.g. check quota).
2025-01-16 21:55:01,349 - ERROR - Error extracting player name for title 'Umpire reviewed (home run), call on the field was upheld: Joey Votto homers (25) on a line drive to left center field.': 429 Resource has been exhausted (e.g. check quota).
2025-01-16 21:55:01,835 - ERROR - Error extracting player name for title 'Ryan Raburn homers (9) on a fly ball to right field.': 429 Resource has been exhausted (e.g. check quota).
2025-01-16 21:55:02,462 - ERROR - Error extracting player name for title 'James McCann homers (12) on a fly ball to left center field.   J.D. Martinez scores.    Justin Upton scores.': 429 Resource has been exhausted (e.g. check quota).
2025-01-16 21:55:03,066 - ERROR - Error extracting player name for title 'Daniel Descalso homers (8) on a line drive to right center field.': 429 Resource has been exhausted (e.g. check quota).
2025-01-16 21:55:03,607 - ERROR - Error extracting player name for title 'Evan Gattis homers (29) on a fly ball to left field.   Carlos Correa scores.': 429 Resource has been exhausted (e.g. check quota).
2025-01-16 21:59:04,504 - INFO - Current working directory: /Users/islam/dev/mlb-demo/backend
2025-01-16 21:59:04,505 - INFO - Script location: /Users/islam/dev/mlb-demo/backend/src/scripts/index_mlb_homeruns_with_player_id.py
2025-01-16 21:59:04,505 - INFO - CSV path: /Users/islam/dev/mlb-demo/backend/src/core/constants/mlb_homeruns.csv
2025-01-16 21:59:04,505 - INFO - CSV path exists: True
2025-01-16 21:59:07,378 - INFO - Loaded 16539 rows from CSV
2025-01-16 21:59:14,817 - ERROR - Error extracting player name for title 'Marcus Semien homers (26) on a fly ball to left field.   Ryon Healy scores.    Yonder Alonso scores.': 429 Resource has been exhausted (e.g. check quota).
2025-01-16 21:59:14,889 - WARNING - Issues processing row: 429 Resource has been exhausted (e.g. check quota).
2025-01-16 21:59:15,917 - ERROR - Error extracting player name for title 'Ehire Adrianza homers (2) on a fly ball to right field.': 429 Resource has been exhausted (e.g. check quota).
2025-01-16 21:59:15,983 - WARNING - Issues processing row: 429 Resource has been exhausted (e.g. check quota).
2025-01-16 21:59:16,814 - WARNING - Issues processing row: Player not found in MLB API
2025-01-16 21:59:16,925 - ERROR - Error extracting player name for title 'Nomar Mazara homers (18) on a fly ball to right center field.    Jurickson Profar scores.': 429 Resource has been exhausted (e.g. check quota).
2025-01-16 21:59:17,098 - WARNING - Issues processing row: 429 Resource has been exhausted (e.g. check quota).
2025-01-16 21:59:17,919 - ERROR - Error extracting player name for title 'Miguel Montero homers (7) on a fly ball to left field.': 429 Resource has been exhausted (e.g. check quota).
2025-01-16 21:59:17,980 - WARNING - Issues processing row: 429 Resource has been exhausted (e.g. check quota).
2025-01-16 21:59:18,093 - ERROR - Error extracting player name for title 'Trea Turner homers (9) on a fly ball to center field.   Stephen Drew scores.': 429 Resource has been exhausted (e.g. check quota).
2025-01-16 21:59:18,167 - WARNING - Issues processing row: 429 Resource has been exhausted (e.g. check quota).
2025-01-16 21:59:18,871 - ERROR - Error extracting player name for title 'Giancarlo Stanton homers (27) on a fly ball to right field.': 429 Resource has been exhausted (e.g. check quota).
2025-01-16 21:59:18,969 - WARNING - Issues processing row: 429 Resource has been exhausted (e.g. check quota).
2025-01-16 21:59:19,081 - ERROR - Error extracting player name for title 'Byron Buxton homers (8) on a fly ball to right center field.': 429 Resource has been exhausted (e.g. check quota).
2025-01-16 21:59:19,144 - WARNING - Issues processing row: 429 Resource has been exhausted (e.g. check quota).
2025-01-16 21:59:19,256 - ERROR - Error extracting player name for title 'Melky Cabrera homers (11) on a fly ball to right center field.': 429 Resource has been exhausted (e.g. check quota).
2025-01-16 21:59:19,324 - WARNING - Issues processing row: 429 Resource has been exhausted (e.g. check quota).
2025-01-16 21:59:19,437 - ERROR - Error extracting player name for title 'Scott Schebler homers (8) on a fly ball to right field.': 429 Resource has been exhausted (e.g. check quota).
2025-01-16 21:59:19,511 - WARNING - Issues processing row: 429 Resource has been exhausted (e.g. check quota).
2025-01-16 21:59:19,621 - ERROR - Error extracting player name for title 'Curtis Granderson homers (27) on a line drive to left center field.': 429 Resource has been exhausted (e.g. check quota).
2025-01-16 21:59:19,809 - WARNING - Issues processing row: 429 Resource has been exhausted (e.g. check quota).
2025-01-16 21:59:19,923 - ERROR - Error extracting player name for title 'Nomar Mazara homers (19) on a fly ball to left center field.': 429 Resource has been exhausted (e.g. check quota).
2025-01-16 21:59:20,144 - WARNING - Issues processing row: 429 Resource has been exhausted (e.g. check quota).
2025-01-16 21:59:20,276 - ERROR - Error extracting player name for title 'Jean Segura homers (15) on a fly ball to left center field.': 429 Resource has been exhausted (e.g. check quota).
2025-01-16 21:59:20,465 - WARNING - Issues processing row: 429 Resource has been exhausted (e.g. check quota).
2025-01-16 21:59:21,173 - WARNING - Issues processing row: Player not found in MLB API
2025-01-16 21:59:21,281 - ERROR - Error extracting player name for title 'Marcus Semien homers (25) on a fly ball to left field.   Max Muncy scores.    Yonder Alonso scores.': 429 Resource has been exhausted (e.g. check quota).
2025-01-16 21:59:21,407 - WARNING - Issues processing row: 429 Resource has been exhausted (e.g. check quota).
2025-01-16 21:59:21,526 - ERROR - Error extracting player name for title 'Kyle Jensen homers (2) on a fly ball to center field.': 429 Resource has been exhausted (e.g. check quota).
2025-01-16 21:59:21,662 - WARNING - Issues processing row: 429 Resource has been exhausted (e.g. check quota).
2025-01-16 21:59:21,778 - ERROR - Error extracting player name for title 'Sean Rodriguez homers (15) on a line drive to right center field.    Francisco Cervelli scores.': 429 Resource has been exhausted (e.g. check quota).
2025-01-16 21:59:21,875 - WARNING - Issues processing row: 429 Resource has been exhausted (e.g. check quota).
2025-01-16 21:59:21,985 - ERROR - Error extracting player name for title 'Matt Adams homers (15) on a line drive to right field.': 429 Resource has been exhausted (e.g. check quota).
2025-01-16 21:59:22,078 - WARNING - Issues processing row: 429 Resource has been exhausted (e.g. check quota).
2025-01-16 21:59:22,197 - ERROR - Error extracting player name for title 'Evan Gattis homers (30) on a fly ball to center field.': 429 Resource has been exhausted (e.g. check quota).
2025-01-16 21:59:22,285 - WARNING - Issues processing row: 429 Resource has been exhausted (e.g. check quota).
2025-01-16 21:59:22,398 - ERROR - Error extracting player name for title 'Chris Carter homers (37) on a fly ball to right center field.': 429 Resource has been exhausted (e.g. check quota).
2025-01-16 21:59:22,483 - WARNING - Issues processing row: 429 Resource has been exhausted (e.g. check quota).
2025-01-16 21:59:22,597 - ERROR - Error extracting player name for title 'Andrelton Simmons homers (4) on a fly ball to left field.   Jefry Marte scores.': 429 Resource has been exhausted (e.g. check quota).
2025-01-16 21:59:22,674 - WARNING - Issues processing row: 429 Resource has been exhausted (e.g. check quota).
2025-01-16 21:59:22,780 - ERROR - Error extracting player name for title 'Joey Wendle homers (1) on a line drive to right field.': 429 Resource has been exhausted (e.g. check quota).
2025-01-16 21:59:22,863 - WARNING - Issues processing row: 429 Resource has been exhausted (e.g. check quota).
2025-01-16 21:59:22,976 - ERROR - Error extracting player name for title 'Kendrys Morales homers (28) on a fly ball to right center field.    Paulo Orlando scores.': 429 Resource has been exhausted (e.g. check quota).
2025-01-16 21:59:23,057 - WARNING - Issues processing row: 429 Resource has been exhausted (e.g. check quota).
2025-01-16 21:59:23,172 - ERROR - Error extracting player name for title 'Todd Frazier homers (38) on a line drive to left center field.': 429 Resource has been exhausted (e.g. check quota).
2025-01-16 21:59:23,335 - WARNING - Issues processing row: 429 Resource has been exhausted (e.g. check quota).
2025-01-16 21:59:23,451 - ERROR - Error extracting player name for title 'Trea Turner homers (12) on a fly ball to left field.': 429 Resource has been exhausted (e.g. check quota).
2025-01-16 21:59:23,526 - WARNING - Issues processing row: 429 Resource has been exhausted (e.g. check quota).
2025-01-16 21:59:23,638 - ERROR - Error extracting player name for title 'Nomar Mazara homers (20) on a fly ball to center field.   Jonathan Lucroy scores.': 429 Resource has been exhausted (e.g. check quota).
2025-01-16 21:59:23,709 - WARNING - Issues processing row: 429 Resource has been exhausted (e.g. check quota).
2025-01-16 21:59:23,815 - ERROR - Error extracting player name for title 'Rene Rivera homers (6) on a fly ball to left center field.': 429 Resource has been exhausted (e.g. check quota).
2025-01-16 21:59:23,884 - WARNING - Issues processing row: 429 Resource has been exhausted (e.g. check quota).
2025-01-16 21:59:23,993 - ERROR - Error extracting player name for title 'Paul Goldschmidt homers (23) on a fly ball to center field.   Chris Owings scores.': 429 Resource has been exhausted (e.g. check quota).
2025-01-16 21:59:24,067 - WARNING - Issues processing row: 429 Resource has been exhausted (e.g. check quota).
2025-01-16 21:59:24,178 - ERROR - Error extracting player name for title 'Kurt Suzuki homers (8) on a fly ball to left field.   Max Kepler scores.    Kennys Vargas scores.': 429 Resource has been exhausted (e.g. check quota).
2025-01-16 21:59:24,362 - WARNING - Issues processing row: 429 Resource has been exhausted (e.g. check quota).
2025-01-16 21:59:24,466 - ERROR - Error extracting player name for title 'Jean Segura homers (16) on a line drive to left field.   Braden Shipley scores.': 429 Resource has been exhausted (e.g. check quota).
2025-01-16 21:59:24,549 - WARNING - Issues processing row: 429 Resource has been exhausted (e.g. check quota).
2025-01-16 21:59:24,660 - ERROR - Error extracting player name for title 'Umpire reviewed (home run), call on the field was upheld: Joey Votto homers (25) on a line drive to left center field.': 429 Resource has been exhausted (e.g. check quota).
2025-01-16 21:59:24,723 - WARNING - Issues processing row: 429 Resource has been exhausted (e.g. check quota).
2025-01-16 21:59:24,827 - ERROR - Error extracting player name for title 'Ryan Raburn homers (9) on a fly ball to right field.': 429 Resource has been exhausted (e.g. check quota).
2025-01-16 21:59:24,889 - WARNING - Issues processing row: 429 Resource has been exhausted (e.g. check quota).
2025-01-16 21:59:24,994 - ERROR - Error extracting player name for title 'James McCann homers (12) on a fly ball to left center field.   J.D. Martinez scores.    Justin Upton scores.': 429 Resource has been exhausted (e.g. check quota).
2025-01-16 21:59:25,174 - WARNING - Issues processing row: 429 Resource has been exhausted (e.g. check quota).
2025-01-16 21:59:25,283 - ERROR - Error extracting player name for title 'Daniel Descalso homers (8) on a line drive to right center field.': 429 Resource has been exhausted (e.g. check quota).
2025-01-16 21:59:25,351 - WARNING - Issues processing row: 429 Resource has been exhausted (e.g. check quota).
2025-01-16 21:59:26,064 - WARNING - Issues processing row: Player not found in MLB API
2025-01-16 21:59:26,176 - ERROR - Error extracting player name for title 'Asdrubal Cabrera homers (21) on a fly ball to right field.    Jose Reyes scores.': 429 Resource has been exhausted (e.g. check quota).
2025-01-16 21:59:26,365 - WARNING - Issues processing row: 429 Resource has been exhausted (e.g. check quota).
2025-01-16 21:59:26,488 - ERROR - Error extracting player name for title 'Yasmani Grandal hits a grand slam (27) to center field.   Yasiel Puig scores.    Corey Seager scores.    Adrian Gonzalez scores.': 429 Resource has been exhausted (e.g. check quota).
2025-01-16 21:59:26,560 - WARNING - Issues processing row: 429 Resource has been exhausted (e.g. check quota).
2025-01-16 21:59:26,673 - ERROR - Error extracting player name for title 'Hanley Ramirez homers (25) on a fly ball to center field.   Marco Hernandez scores.    Mookie Betts scores.': 429 Resource has been exhausted (e.g. check quota).
2025-01-16 21:59:26,735 - WARNING - Issues processing row: 429 Resource has been exhausted (e.g. check quota).
2025-01-16 21:59:26,842 - ERROR - Error extracting player name for title 'Orlando Arcia homers (4) on a fly ball to left center field.': 429 Resource has been exhausted (e.g. check quota).
2025-01-16 21:59:26,920 - WARNING - Issues processing row: 429 Resource has been exhausted (e.g. check quota).
2025-01-16 21:59:27,034 - ERROR - Error extracting player name for title 'Jose Abreu homers (25) on a fly ball to center field.': 429 Resource has been exhausted (e.g. check quota).
2025-01-16 21:59:27,109 - WARNING - Issues processing row: 429 Resource has been exhausted (e.g. check quota).
2025-01-16 21:59:27,219 - ERROR - Error extracting player name for title 'Trey Mancini homers (1) on a line drive to left center field.': 429 Resource has been exhausted (e.g. check quota).
2025-01-16 21:59:27,295 - WARNING - Issues processing row: 429 Resource has been exhausted (e.g. check quota).
2025-01-16 21:59:27,406 - ERROR - Error extracting player name for title 'Brandon Belt homers (16) on a fly ball to right center field.': 429 Resource has been exhausted (e.g. check quota).
